1600704395918	geckodriver	INFO	Listening on 127.0.0.1:60956
1600704399344	mozrunner::runner	INFO	Running command: "C:\\Program Files\\Mozilla Firefox\\firefox.exe" "--marionette" "-foreground" "-no-remote" "-profile" "C:\\Users\\darpop\\AppData\\Local\\Temp\\rust_mozprofileR0RLf5"
JavaScript error: resource://gre/modules/XULStore.jsm, line 66: Error: Can't find profile directory.
console.error: SearchCache: "_readCacheFile: Error reading cache file:" (new Error("", "(unknown module)"))
1600704403760	Marionette	INFO	Listening on port 60964
1600704404168	Marionette	WARN	TLS certificate errors will be ignored for this session
1600704497660	Marionette	INFO	Stopped listening on port 60964

###!!! [Child][RunMessage] Error: Channel closing: too late to send/recv, messages will be lost


###!!! [Child][MessageChannel::SendAndWait] Error: Channel error: cannot send/recv

1600704498842	geckodriver	INFO	Listening on 127.0.0.1:61139
1600704502236	mozrunner::runner	INFO	Running command: "C:\\Program Files\\Mozilla Firefox\\firefox.exe" "--marionette" "-foreground" "-no-remote" "-profile" "C:\\Users\\darpop\\AppData\\Local\\Temp\\rust_mozprofileBoF8sc"
JavaScript error: resource://gre/modules/XULStore.jsm, line 66: Error: Can't find profile directory.
console.error: SearchCache: "_readCacheFile: Error reading cache file:" (new Error("", "(unknown module)"))
1600704506841	Marionette	INFO	Listening on port 61147
1600704507080	Marionette	WARN	TLS certificate errors will be ignored for this session
1600704537137	Marionette	INFO	Stopped listening on port 61147

###!!! [Child][RunMessage] Error: Channel closing: too late to send/recv, messages will be lost


###!!! [Child][MessageChannel::SendAndWait] Error: Channel error: cannot send/recv

1600704578551	geckodriver	INFO	Listening on 127.0.0.1:61257
1600704581931	mozrunner::runner	INFO	Running command: "C:\\Program Files\\Mozilla Firefox\\firefox.exe" "--marionette" "-foreground" "-no-remote" "-profile" "C:\\Users\\darpop\\AppData\\Local\\Temp\\rust_mozprofilehn0OsC"
JavaScript error: resource://gre/modules/XULStore.jsm, line 66: Error: Can't find profile directory.
console.error: SearchCache: "_readCacheFile: Error reading cache file:" (new Error("", "(unknown module)"))
1600704586487	Marionette	INFO	Listening on port 61266
1600704586753	Marionette	WARN	TLS certificate errors will be ignored for this session
1600704676079	Marionette	INFO	Stopped listening on port 61266

###!!! [Child][RunMessage] Error: Channel closing: too late to send/recv, messages will be lost


###!!! [Child][MessageChannel::SendAndWait] Error: Channel error: cannot send/recv

1600704865633	geckodriver	INFO	Listening on 127.0.0.1:61384
1600704869182	mozrunner::runner	INFO	Running command: "C:\\Program Files\\Mozilla Firefox\\firefox.exe" "--marionette" "-foreground" "-no-remote" "-profile" "C:\\Users\\darpop\\AppData\\Local\\Temp\\rust_mozprofile2ThTcS"
JavaScript error: resource://gre/modules/XULStore.jsm, line 66: Error: Can't find profile directory.
console.error: SearchCache: "_readCacheFile: Error reading cache file:" (new Error("", "(unknown module)"))
1600704873950	Marionette	INFO	Listening on port 61392
1600704874011	Marionette	WARN	TLS certificate errors will be ignored for this session
1600705024906	Marionette	INFO	Stopped listening on port 61392

###!!! [Child][RunMessage] Error: Channel closing: too late to send/recv, messages will be lost


###!!! [Child][MessageChannel::SendAndWait] Error: Channel error: cannot send/recv

\Temp\\rust_mozprofileoA9YDb"
JavaScript error: resource://gre/modules/XULStore.jsm, line 66: Error: Can't find profile directory.
console.error: SearchCache: "_readCacheFile: Error reading cache file:" (new Error("", "(unknown module)"))
1600704926262	Marionette	INFO	Listening on port 61433
1600704926519	Marionette	WARN	TLS certificate errors will be ignored for this session
1600705023610	Marionette	INFO	Stopped listening on port 61433

###!!! [Child][RunMessage] Error: Channel closing: too late to send/recv, messages will be lost


###!!! [Child][MessageChannel::SendAndWait] Error: Channel error: cannot send/recv

\Temp\\rust_mozprofiledlaBmj"
JavaScript error: resource://gre/modules/XULStore.jsm, line 66: Error: Can't find profile directory.
console.error: SearchCache: "_readCacheFile: Error reading cache file:" (new Error("", "(unknown module)"))
1600704958102	Marionette	INFO	Listening on port 61487
1600704958399	Marionette	WARN	TLS certificate errors will be ignored for this session
1600705022569	Marionette	INFO	Stopped listening on port 61487

###!!! [Child][RunMessage] Error: Channel closing: too late to send/recv, messages will be lost


###!!! [Child][MessageChannel::SendAndWait] Error: Channel error: cannot send/recv

1600705278163	geckodriver	INFO	Listening on 127.0.0.1:61574
1600705281622	mozrunner::runner	INFO	Running command: "C:\\Program Files\\Mozilla Firefox\\firefox.exe" "--marionette" "-foreground" "-no-remote" "-profile" "C:\\Users\\darpop\\AppData\\Local\\Temp\\rust_mozprofilezqJ3iv"
JavaScript error: resource://gre/modules/XULStore.jsm, line 66: Error: Can't find profile directory.
console.error: SearchCache: "_readCacheFile: Error reading cache file:" (new Error("", "(unknown module)"))
1600705285110	Marionette	INFO	Listening on port 61582
1600705321312	Marionette	INFO	Stopped listening on port 61582

###!!! [Child][RunMessage] Error: Channel closing: too late to send/recv, messages will be lost


###!!! [Child][MessageChannel::SendAndWait] Error: Channel error: cannot send/recv

1600705499621	geckodriver	INFO	Listening on 127.0.0.1:61741
1600705502891	mozrunner::runner	INFO	Running command: "C:\\Program Files\\Mozilla Firefox\\firefox.exe" "--marionette" "-foreground" "-no-remote" "-profile" "C:\\Users\\darpop\\AppData\\Local\\Temp\\rust_mozprofileEphx6L"
JavaScript error: resource://gre/modules/XULStore.jsm, line 66: Error: Can't find profile directory.
console.error: SearchCache: "_readCacheFile: Error reading cache file:" (new Error("", "(unknown module)"))
1600705506374	Marionette	INFO	Listening on port 61749
1600705506590	Marionette	WARN	TLS certificate errors will be ignored for this session
JavaScript error: , line 0: AbortError: The fetching process for the media resource was aborted by the user agent at the user's request.

###!!! [Child][MessageChannel] Error: (msgtype=0x6A0029,name=PNecko::Msg_RemoveRequestContext) Channel closing: too late to send/recv, messages will be lost

1600706437247	Marionette	INFO	Stopped listening on port 61749

###!!! [Child][RunMessage] Error: Channel closing: too late to send/recv, messages will be lost


###!!! [Child][MessageChannel::SendAndWait] Error: Channel error: cannot send/recv

readCacheFile: Error reading cache file:" (new Error("", "(unknown module)"))
1600705820803	Marionette	INFO	Listening on port 62035
1600705820831	Marionette	WARN	TLS certificate errors will be ignored for this session

###!!! [Child][RunMessage] Error: Channel closing: too late to send/recv, messages will be lost

1600706037015	Marionette	INFO	Stopped listening on port 62035

###!!! [Child][RunMessage] Error: Channel closing: too late to send/recv, messages will be lost


###!!! [Child][MessageChannel::SendAndWait] Error: Channel error: cannot send/recv

Can't find profile directory.
console.error: SearchCache: "_readCacheFile: Error reading cache file:" (new Error("", "(unknown module)"))
1600706002044	Marionette	INFO	Listening on port 62212
1600706002226	Marionette	WARN	TLS certificate errors will be ignored for this session

###!!! [Child][RunMessage] Error: Channel closing: too late to send/recv, messages will be lost


###!!! [Child][RunMessage] Error: Channel closing: too late to send/recv, messages will be lost

1600706035801	Marionette	INFO	Stopped listening on port 62212

###!!! [Child][RunMessage] Error: Channel closing: too late to send/recv, messages will be lost


###!!! [Child][MessageChannel::SendAndWait] Error: Channel error: cannot send/recv

" (new Error("", "(unknown module)"))
1600706031469	Marionette	INFO	Listening on port 62343
1600706031907	Marionette	WARN	TLS certificate errors will be ignored for this session
JavaScript error: resource:///modules/sessionstore/SessionSaver.jsm, line 53: Error: TelemetryStopwatch: key "FX_SESSION_RESTORE_COLLECT_DATA_MS" was already initialized
JavaScript error: resource:///modules/sessionstore/SessionStore.jsm, line 4093: Error: TelemetryStopwatch: key "FX_SESSION_RESTORE_COLLECT_ALL_WINDOWS_DATA_MS" was already initialized
JavaScript error: resource:///modules/sessionstore/SessionStore.jsm, line 4112: Error: TelemetryStopwatch: finishing nonexisting stopwatc1600706101824	Marionette	INFO	Listening on port 62460
1600706101883	Marionette	WARN	TLS certificate errors will be ignored for this session
1600706197585	Marionette	INFO	Stopped listening on port 62460

###!!! [Child][RunMessage] Error: Channel closing: too late to send/recv, messages will be lost


###!!! [Child][MessageChannel::SendAndWait] Error: Channel error: cannot send/recv

efined

###!!! [Child][MessageChannel] Error: (msgtype=0x6A0029,name=PNecko::Msg_RemoveRequestContext) Channel closing: too late to send/recv, messages will be lost


###!!! [Child][RunMessage] Error: Channel closing: too late to send/recv, messages will be lost

1600706101603	Marionette	INFO	Stopped listening on port 62343

###!!! [Child][RunMessage] Error: Channel closing: too late to send/recv, messages will be lost


###!!! [Child][MessageChannel::SendAndWait] Error: Channel error: cannot send/recv

1600706129309	geckodriver	INFO	Listening on 127.0.0.1:62590
1600706132877	mozrunner::runner	INFO	Running command: "C:\\Program Files\\Mozilla Firefox\\firefox.exe" "--marionette" "-foreground" "-no-remote" "-profile" "C:\\Users\\darpop\\AppData\\Local\\Temp\\rust_mozprofileSLlyrb"
JavaScript error: resource://gre/modules/XULStore.jsm, line 66: Error: Can't find profile directory.
console.error: SearchCache: "_readCacheFile: Error reading cache file:" (new Error("", "(unknown module)"))
1600706136973	Marionette	INFO	Listening on port 62598
1600706137090	Marionette	WARN	TLS certificate errors will be ignored for this session

###!!! [Child][RunMessage] Error: Channel closing: too late to send/recv, messages will be lost


###!!! [Child][RunMessage] Error: Channel closing: too late to send/recv, messages will be lost

1600706194459	Marionette	INFO	Stopped listening on port 62598

###!!! [Child][RunMessage] Error: Channel closing: too late to send/recv, messages will be lost


###!!! [Child][MessageChannel::SendAndWait] Error: Channel error: cannot send/recv

" (new Error("", "(unknown module)"))
1600706164445	Marionette	INFO	Listening on port 62739
1600706164705	Marionette	WARN	TLS certificate errors will be ignored for this session
1600706197313	Marionette	INFO	Stopped listening on port 62739

###!!! [Child][RunMessage] Error: Channel closing: too late to send/recv, messages will be lost


###!!! [Child][MessageChannel::SendAndWait] Error: Channel error: cannot send/recv

\Temp\\rust_mozprofileew4PdR"
JavaScript error: resource://gre/modules/XULStore.jsm, line 66: Error: Can't find profile directory.
console.error: SearchCache: "_readCacheFile: Error reading cache file:" (new Error("", "(unknown module)"))
1600706193160	Marionette	INFO	Listening on port 62897
1600706193195	Marionette	WARN	TLS certificate errors will be ignored for this session

###!!! [Child][MessageChannel] Error: (msgtype=0x6A0029,name=PNecko::Msg_RemoveRequestContext) Channel closing: too late to send/recv, messages will be lost

1600706433687	Marionette	INFO	Stopped listening on port 62897

###!!! [Child][RunMessage] Error: Channel closing: too late to send/recv, messages will be lost


###!!! [Child][MessageChannel::SendAndWait] Error: Channel error: cannot send/recv

readCacheFile: Error reading cache file:" (new Error("", "(unknown module)"))
1600706312855	Marionette	INFO	Listening on port 63047
1600706312884	Marionette	WARN	TLS certificate errors will be ignored for this session
1600706400956	Marionette	INFO	Stopped listening on port 63047

###!!! [Child][RunMessage] Error: Channel closing: too late to send/recv, messages will be lost


###!!! [Child][MessageChannel::SendAndWait] Error: Channel error: cannot send/recv

\Temp\\rust_mozprofileduEhS8"
JavaScript error: resource://gre/modules/XULStore.jsm, line 66: Error: Can't find profile directory.
console.error: SearchCache: "_readCacheFile: Error reading cache file:" (new Error("", "(unknown module)"))
1600706399316	Marionette	INFO	Listening on port 63239
1600706399354	Marionette	WARN	TLS certificate errors will be ignored for this session
1600706435500	Marionette	INFO	Stopped listening on port 63239

###!!! [Child][RunMessage] Error: Channel closing: too late to send/recv, messages will be lost


###!!! [Child][MessageChannel::SendAndWait] Error: Channel error: cannot send/recv

\Temp\\rust_mozprofileyN6uMr"
JavaScript error: resource://gre/modules/XULStore.jsm, line 66: Error: Can't find profile directory.
console.error: SearchCache: "_readCacheFile: Error reading cache file:" (new Error("", "(unknown module)"))
1600706438029	Marionette	INFO	Listening on port 63344
1600706438285	Marionette	WARN	TLS certificate errors will be ignored for this session
1600706715926	Marionette	INFO	Stopped listening on port 63344

###!!! [Child][RunMessage] Error: Channel closing: too late to send/recv, messages will be lost


###!!! [Child][MessageChannel::SendAndWait] Error: Channel error: cannot send/recv

\Temp\\rust_mozprofileL2ajSd"
JavaScript error: resource://gre/modules/XULStore.jsm, line 66: Error: Can't find profile directory.
console.error: SearchCache: "_readCacheFile: Error reading cache file:" (new Error("", "(unknown module)"))
1600706538601	Marionette	INFO	Listening on port 63535
1600706539096	Marionette	WARN	TLS certificate errors will be ignored for this session
1600706714492	Marionette	INFO	Stopped listening on port 63535

###!!! [Child][RunMessage] Error: Channel closing: too late to send/recv, messages will be lost


###!!! [Child][MessageChannel::SendAndWait] Error: Channel error: cannot send/recv

\Temp\\rust_mozprofileTVawP1"
JavaScript error: resource://gre/modules/XULStore.jsm, line 66: Error: Can't find profile directory.
console.error: SearchCache: "_readCacheFile: Error reading cache file:" (new Error("", "(unknown module)"))
1600706602675	Marionette	INFO	Listening on port 63656
1600706602943	Marionette	WARN	TLS certificate errors will be ignored for this session
1600706717422	Marionette	INFO	Stopped listening on port 63656

###!!! [Child][RunMessage] Error: Channel closing: too late to send/recv, messages will be lost


###!!! [Child][MessageChannel::SendAndWait] Error: Channel error: cannot send/recv

\Temp\\rust_mozprofileUBf5M6"
JavaScript error: resource://gre/modules/XULStore.jsm, line 66: Error: Can't find profile directory.
console.error: SearchCache: "_readCacheFile: Error reading cache file:" (new Error("", "(unknown module)"))
1600706683291	Marionette	INFO	Listening on port 63821
1600706683324	Marionette	WARN	TLS certificate errors will be ignored for this session
1600706700087	Marionette	INFO	Stopped listening on port 63821

###!!! [Child][RunMessage] Error: Channel closing: too late to send/recv, messages will be lost


###!!! [Child][MessageChannel::SendAndWait] Error: Channel error: cannot send/recv

1600706724598	geckodriver	INFO	Listening on 127.0.0.1:63933
1600706727936	mozrunner::runner	INFO	Running command: "C:\\Program Files\\Mozilla Firefox\\firefox.exe" "--marionette" "-foreground" "-no-remote" "-profile" "C:\\Users\\darpop\\AppData\\Local\\Temp\\rust_mozprofileQBMMvf"
JavaScript error: resource://gre/modules/XULStore.jsm, line 66: Error: Can't find profile directory.
console.error: SearchCache: "_readCacheFile: Error reading cache file:" (new Error("", "(unknown module)"))
1600706731442	Marionette	INFO	Listening on port 63941
1600706731643	Marionette	WARN	TLS certificate errors will be ignored for this session
1600707238760	Marionette	INFO	Stopped listening on port 63941

###!!! [Child][RunMessage] Error: Channel closing: too late to send/recv, messages will be lost


###!!! [Child][MessageChannel::SendAndWait] Error: Channel error: cannot send/recv

\Temp\\rust_mozprofilekwnfPU"
JavaScript error: resource://gre/modules/XULStore.jsm, line 66: Error: Can't find profile directory.
console.error: SearchCache: "_readCacheFile: Error reading cache file:" (new Error("", "(unknown module)"))
1600707052387	Marionette	INFO	Listening on port 64126
1600707052508	Marionette	WARN	TLS certificate errors will be ignored for this session
1600707237268	Marionette	INFO	Stopped listening on port 64126

###!!! [Child][RunMessage] Error: Channel closing: too late to send/recv, messages will be lost


###!!! [Child][MessageChannel::SendAndWait] Error: Channel error: cannot send/recv

\Temp\\rust_mozprofileo3iIHk"
JavaScript error: resource://gre/modules/XULStore.jsm, line 66: Error: Can't find profile directory.
console.error: SearchCache: "_readCacheFile: Error reading cache file:" (new Error("", "(unknown module)"))
1600707086744	Marionette	INFO	Listening on port 64269
1600707086811	Marionette	WARN	TLS certificate errors will be ignored for this session
1600707235917	Marionette	INFO	Stopped listening on port 64269

###!!! [Child][RunMessage] Error: Channel closing: too late to send/recv, messages will be lost


###!!! [Child][MessageChannel::SendAndWait] Error: Channel error: cannot send/recv

\Temp\\rust_mozprofilebD6CJ5"
JavaScript error: resource://gre/modules/XULStore.jsm, line 66: Error: Can't find profile directory.
console.error: SearchCache: "_readCacheFile: Error reading cache file:" (new Error("", "(unknown module)"))
1600707133933	Marionette	INFO	Listening on port 64449
1600707134414	Marionette	WARN	TLS certificate errors will be ignored for this session
1600707234267	Marionette	INFO	Stopped listening on port 64449

###!!! [Child][RunMessage] Error: Channel closing: too late to send/recv, messages will be lost


###!!! [Child][MessageChannel::SendAndWait] Error: Channel error: cannot send/recv

\Temp\\rust_mozprofileYy20bj"
JavaScript error: resource://gre/modules/XULStore.jsm, line 66: Error: Can't find profile directory.
console.error: SearchCache: "_readCacheFile: Error reading cache file:" (new Error("", "(unknown module)"))
1600707205909	Marionette	INFO	Listening on port 64591
1600707206099	Marionette	WARN	TLS certificate errors will be ignored for this session
1600710064759	Marionette	INFO	Stopped listening on port 64591

###!!! [Child][MessageChannel::SendAndWait] Error: Channel error: cannot send/recv

firefox.exe" "--marionette" "-foreground" "-no-remote" "-profile" "C:\\Users\\darpop\\AppData\\Local\\Temp\\rust_mozprofilevyrdmF"
JavaScript error: resource://gre/modules/XULStore.jsm, line 66: Error: Can't find profile directory.
console.error: SearchCache: "_readCacheFile: Error reading cache file:" (new Error("", "(unknown module)"))
1600707395593	Marionette	INFO	Listening on port 64872
1600707395807	Marionette	WARN	TLS certificate errors will be ignored for this session
JavaScript error: https://kart.1881.no/script/all/js?v=Mxkt9AyQoPsFhublFRemQ4cOC0q9gyHxnRvH_1dUNmQ1, line 1: NS_ERROR_NOT_INITIALIZED: 
JavaScript error: resource://gre/modules/UrlClassifierListManager.jsm, line 691: TypeError: this.tablesData[table] is undefined
1600707397474	Marionette	INFO	Stopped listening on port 64872

###!!! [Child][RunMessage] Error: Channel closing: too late to send/recv, messages will be lost


###!!! [Child][MessageChannel::SendAndWait] Error: Channel error: cannot send/recv

1600707406553	geckodriver	INFO	Listening on 127.0.0.1:64943
1600707409873	mozrunner::runner	INFO	Running command: "C:\\Program Files\\Mozilla Firefox\\firefox.exe" "--marionette" "-foreground" "-no-remote" "-profile" "C:\\Users\\darpop\\AppData\\Local\\Temp\\rust_mozprofileqW8LwP"
JavaScript error: resource://gre/modules/XULStore.jsm, line 66: Error: Can't find profile directory.
console.error: SearchCache: "_readCacheFile: Error reading cache file:" (new Error("", "(unknown module)"))
1600707413643	Marionette	INFO	Listening on port 64954
1600707414067	Marionette	WARN	TLS certificate errors will be ignored for this session
1600707439820	Marionette	INFO	Stopped listening on port 64954

###!!! [Child][RunMessage] Error: Channel closing: too late to send/recv, messages will be lost


###!!! [Child][MessageChannel::SendAndWait] Error: Channel error: cannot send/recv

1600707496856	geckodriver	INFO	Listening on 127.0.0.1:65092
1600707500217	mozrunner::runner	INFO	Running command: "C:\\Program Files\\Mozilla Firefox\\firefox.exe" "--marionette" "-foreground" "-no-remote" "-profile" "C:\\Users\\darpop\\AppData\\Local\\Temp\\rust_mozprofilesiCi9m"
JavaScript error: resource://gre/modules/XULStore.jsm, line 66: Error: Can't find profile directory.
console.error: SearchCache: "_readCacheFile: Error reading cache file:" (new Error("", "(unknown module)"))
1600707504326	Marionette	INFO	Listening on port 65101
1600707504410	Marionette	WARN	TLS certificate errors will be ignored for this session
JavaScript error: https://kart.1881.no/script/all/js?v=Mxkt9AyQoPsFhublFRemQ4cOC0q9gyHxnRvH_1dUNmQ1, line 1: TypeError: u[n] is undefined
JavaScript error: https://kart.1881.no/script/all/js?v=Mxkt9AyQoPsFhublFRemQ4cOC0q9gyHxnRvH_1dUNmQ1, line 1: TypeError: u[n] is undefined
JavaScript error: https://kart.1881.no/script/all/js?v=Mxkt9AyQoPsFhublFRemQ4cOC0q9gyHxnRvH_1dUNmQ1, line 1: TypeError: u[n] is undefined
1600707615878	Marionette	INFO	Stopped listening on port 65101

###!!! [Child][RunMessage] Error: Channel closing: too late to send/recv, messages will be lost


###!!! [Child][MessageChannel::SendAndWait] Error: Channel error: cannot send/recv

ped listening on port 65233

###!!! [Child][RunMessage] Error: Channel closing: too late to send/recv, messages will be lost


###!!! [Child][MessageChannel::SendAndWait] Error: Channel error: cannot send/recv

\Temp\\rust_mozprofileDsbrS5"
JavaScript error: resource://gre/modules/XULStore.jsm, line 66: Error: Can't find profile directory.
console.error: SearchCache: "_readCacheFile: Error reading cache file:" (new Error("", "(unknown module)"))
1600707613250	Marionette	INFO	Listening on port 65375
1600707613280	Marionette	WARN	TLS certificate errors will be ignored for this session
1600710066825	Marionette	INFO	Stopped listening on port 65375

###!!! [Child][RunMessage] Error: Channel closing: too late to send/recv, messages will be lost


###!!! [Child][MessageChannel::SendAndWait] Error: Channel error: cannot send/recv

1600710415054	geckodriver	INFO	Listening on 127.0.0.1:50113
1600710418368	mozrunner::runner	INFO	Running command: "C:\\Program Files\\Mozilla Firefox\\firefox.exe" "--marionette" "-foreground" "-no-remote" "-profile" "C:\\Users\\darpop\\AppData\\Local\\Temp\\rust_mozprofileQpQFYM"
JavaScript error: resource://gre/modules/XULStore.jsm, line 66: Error: Can't find profile directory.
console.error: SearchCache: "_readCacheFile: Error reading cache file:" (new Error("", "(unknown module)"))
1600710421701	Marionette	INFO	Listening on port 50121
1600710422041	Marionette	WARN	TLS certificate errors will be ignored for this session
1600710582819	Marionette	INFO	Stopped listening on port 50121

###!!! [Child][RunMessage] Error: Channel closing: too late to send/recv, messages will be lost


###!!! [Child][MessageChannel::SendAndWait] Error: Channel error: cannot send/recv

\Temp\\rust_mozprofile3wX9Nw"
JavaScript error: resource://gre/modules/XULStore.jsm, line 66: Error: Can't find profile directory.
console.error: SearchCache: "_readCacheFile: Error reading cache file:" (new Error("", "(unknown module)"))
1600710508916	Marionette	INFO	Listening on port 50293
1600710509212	Marionette	WARN	TLS certificate errors will be ignored for this session
1600710576596	Marionette	INFO	Stopped listening on port 50293

###!!! [Child][RunMessage] Error: Channel closing: too late to send/recv, messages will be lost


###!!! [Child][MessageChannel::SendAndWait] Error: Channel error: cannot send/recv

1600710583769	geckodriver	INFO	Listening on 127.0.0.1:50423
1600710587139	mozrunner::runner	INFO	Running command: "C:\\Program Files\\Mozilla Firefox\\firefox.exe" "--marionette" "-foreground" "-no-remote" "-profile" "C:\\Users\\darpop\\AppData\\Local\\Temp\\rust_mozprofile8t2woa"
JavaScript error: resource://gre/modules/XULStore.jsm, line 66: Error: Can't find profile directory.
console.error: SearchCache: "_readCacheFile: Error reading cache file:" (new Error("", "(unknown module)"))
1600710590579	Marionette	INFO	Listening on port 50433
1600710590817	Marionette	WARN	TLS certificate errors will be ignored for this session
1600710838226	Marionette	INFO	Stopped listening on port 50433

###!!! [Child][RunMessage] Error: Channel closing: too late to send/recv, messages will be lost


###!!! [Child][MessageChannel::SendAndWait] Error: Channel error: cannot send/recv

\Temp\\rust_mozprofileecf80O"
JavaScript error: resource://gre/modules/XULStore.jsm, line 66: Error: Can't find profile directory.
console.error: SearchCache: "_readCacheFile: Error reading cache file:" (new Error("", "(unknown module)"))
1600710643087	Marionette	INFO	Listening on port 50567
1600710643358	Marionette	WARN	TLS certificate errors will be ignored for this session
1600710660035	Marionette	INFO	Stopped listening on port 50567

###!!! [Child][RunMessage] Error: Channel closing: too late to send/recv, messages will be lost


###!!! [Child][MessageChannel::SendAndWait] Error: Channel error: cannot send/recv

1600710664159	geckodriver	INFO	Listening on 127.0.0.1:50640
1600710667456	mozrunner::runner	INFO	Running command: "C:\\Program Files\\Mozilla Firefox\\firefox.exe" "--marionette" "-foreground" "-no-remote" "-profile" "C:\\Users\\darpop\\AppData\\Local\\Temp\\rust_mozprofilepSNqed"
JavaScript error: resource://gre/modules/XULStore.jsm, line 66: Error: Can't find profile directory.
console.error: SearchCache: "_readCacheFile: Error reading cache file:" (new Error("", "(unknown module)"))
1600710671046	Marionette	INFO	Listening on port 50648
1600710671156	Marionette	WARN	TLS certificate errors will be ignored for this session
1600710746196	Marionette	INFO	Stopped listening on port 50648

###!!! [Child][RunMessage] Error: Channel closing: too late to send/recv, messages will be lost


###!!! [Child][MessageChannel::SendAndWait] Error: Channel error: cannot send/recv

1600710752262	geckodriver	INFO	Listening on 127.0.0.1:50789
1600710755577	mozrunner::runner	INFO	Running command: "C:\\Program Files\\Mozilla Firefox\\firefox.exe" "--marionette" "-foreground" "-no-remote" "-profile" "C:\\Users\\darpop\\AppData\\Local\\Temp\\rust_mozprofile3a9RLI"
JavaScript error: resource://gre/modules/XULStore.jsm, line 66: Error: Can't find profile directory.
console.error: SearchCache: "_readCacheFile: Error reading cache file:" (new Error("", "(unknown module)"))
1600710758949	Marionette	INFO	Listening on port 50798
1600710759262	Marionette	WARN	TLS certificate errors will be ignored for this session
1600710940645	Marionette	INFO	Stopped listening on port 50798

###!!! [Child][MessageChannel::SendAndWait] Error: Channel error: cannot send/recv

1600710942888	geckodriver	INFO	Listening on 127.0.0.1:51001
1600710946110	mozrunner::runner	INFO	Running command: "C:\\Program Files\\Mozilla Firefox\\firefox.exe" "--marionette" "-foreground" "-no-remote" "-profile" "C:\\Users\\darpop\\AppData\\Local\\Temp\\rust_mozprofilepxMaY8"
JavaScript error: resource://gre/modules/XULStore.jsm, line 66: Error: Can't find profile directory.
console.error: SearchCache: "_readCacheFile: Error reading cache file:" (new Error("", "(unknown module)"))
1600710950011	Marionette	INFO	Listening on port 51009
1600710950319	Marionette	WARN	TLS certificate errors will be ignored for this session
1600710997761	Marionette	INFO	Stopped listening on port 51009

###!!! [Child][RunMessage] Error: Channel closing: too late to send/recv, messages will be lost


###!!! [Child][MessageChannel::SendAndWait] Error: Channel error: cannot send/recv

1600711000947	geckodriver	INFO	Listening on 127.0.0.1:51095
1600711004261	mozrunner::runner	INFO	Running command: "C:\\Program Files\\Mozilla Firefox\\firefox.exe" "--marionette" "-foreground" "-no-remote" "-profile" "C:\\Users\\darpop\\AppData\\Local\\Temp\\rust_mozprofilejn3VQx"
JavaScript error: resource://gre/modules/XULStore.jsm, line 66: Error: Can't find profile directory.
console.error: SearchCache: "_readCacheFile: Error reading cache file:" (new Error("", "(unknown module)"))
1600711007883	Marionette	INFO	Listening on port 51104
1600711007945	Marionette	WARN	TLS certificate errors will be ignored for this session
1600711033261	Marionette	INFO	Stopped listening on port 51104

###!!! [Child][RunMessage] Error: Channel closing: too late to send/recv, messages will be lost


###!!! [Child][MessageChannel::SendAndWait] Error: Channel error: cannot send/recv

1600711037015	geckodriver	INFO	Listening on 127.0.0.1:51175
1600711040367	mozrunner::runner	INFO	Running command: "C:\\Program Files\\Mozilla Firefox\\firefox.exe" "--marionette" "-foreground" "-no-remote" "-profile" "C:\\Users\\darpop\\AppData\\Local\\Temp\\rust_mozprofiletPIflu"
JavaScript error: resource://gre/modules/XULStore.jsm, line 66: Error: Can't find profile directory.
console.error: SearchCache: "_readCacheFile: Error reading cache file:" (new Error("", "(unknown module)"))
1600711043772	Marionette	INFO	Listening on port 51184
1600711044069	Marionette	WARN	TLS certificate errors will be ignored for this session
1600711048829	Marionette	INFO	Stopped listening on port 51184

###!!! [Child][RunMessage] Error: Channel closing: too late to send/recv, messages will be lost


###!!! [Child][MessageChannel::SendAndWait] Error: Channel error: cannot send/recv

1600711059771	geckodriver	INFO	Listening on 127.0.0.1:51254
1600711063094	mozrunner::runner	INFO	Running command: "C:\\Program Files\\Mozilla Firefox\\firefox.exe" "--marionette" "-foreground" "-no-remote" "-profile" "C:\\Users\\darpop\\AppData\\Local\\Temp\\rust_mozprofileN9PClZ"
JavaScript error: resource://gre/modules/XULStore.jsm, line 66: Error: Can't find profile directory.
console.error: SearchCache: "_readCacheFile: Error reading cache file:" (new Error("", "(unknown module)"))
1600711066670	Marionette	INFO	Listening on port 51262
1600711066787	Marionette	WARN	TLS certificate errors will be ignored for this session
1600711070786	Marionette	INFO	Stopped listening on port 51262

###!!! [Child][RunMessage] Error: Channel closing: too late to send/recv, messages will be lost


###!!! [Child][MessageChannel::SendAndWait] Error: Channel error: cannot send/recv

1600711326962	geckodriver	INFO	Listening on 127.0.0.1:51443
1600711330250	mozrunner::runner	INFO	Running command: "C:\\Program Files\\Mozilla Firefox\\firefox.exe" "--marionette" "-foreground" "-no-remote" "-profile" "C:\\Users\\darpop\\AppData\\Local\\Temp\\rust_mozprofile5xgKPu"
JavaScript error: resource://gre/modules/XULStore.jsm, line 66: Error: Can't find profile directory.
console.error: SearchCache: "_readCacheFile: Error reading cache file:" (new Error("", "(unknown module)"))
1600711334590	Marionette	INFO	Listening on port 51452
1600711335090	Marionette	WARN	TLS certificate errors will be ignored for this session
1600711904486	Marionette	INFO	Stopped listening on port 51452

###!!! [Child][RunMessage] Error: Channel closing: too late to send/recv, messages will be lost


###!!! [Child][MessageChannel::SendAndWait] Error: Channel error: cannot send/recv

\Temp\\rust_mozprofilesrtEtN"
JavaScript error: resource://gre/modules/XULStore.jsm, line 66: Error: Can't find profile directory.
console.error: SearchCache: "_readCacheFile: Error reading cache file:" (new Error("", "(unknown module)"))
1600711901541	Marionette	INFO	Listening on port 51683
1600711901569	Marionette	WARN	TLS certificate errors will be ignored for this session
1600712136474	Marionette	INFO	Stopped listening on port 51683

###!!! [Child][RunMessage] Error: Channel closing: too late to send/recv, messages will be lost


###!!! [Child][MessageChannel::SendAndWait] Error: Channel error: cannot send/recv

1600712142072	geckodriver	INFO	Listening on 127.0.0.1:51872
1600712145540	mozrunner::runner	INFO	Running command: "C:\\Program Files\\Mozilla Firefox\\firefox.exe" "--marionette" "-foreground" "-no-remote" "-profile" "C:\\Users\\darpop\\AppData\\Local\\Temp\\rust_mozprofileVvgUq2"
JavaScript error: resource://gre/modules/XULStore.jsm, line 66: Error: Can't find profile directory.
console.error: SearchCache: "_readCacheFile: Error reading cache file:" (new Error("", "(unknown module)"))
1600712150480	Marionette	INFO	Listening on port 51880
1600712150881	Marionette	WARN	TLS certificate errors will be ignored for this session
1600712168421	Marionette	INFO	Stopped listening on port 51880

###!!! [Child][MessageChannel::SendAndWait] Error: Channel error: cannot send/recv

1600712210016	geckodriver	INFO	Listening on 127.0.0.1:51983
1600712213307	mozrunner::runner	INFO	Running command: "C:\\Program Files\\Mozilla Firefox\\firefox.exe" "--marionette" "-foreground" "-no-remote" "-profile" "C:\\Users\\darpop\\AppData\\Local\\Temp\\rust_mozprofile8xG2Nq"
JavaScript error: resource://gre/modules/XULStore.jsm, line 66: Error: Can't find profile directory.
console.error: SearchCache: "_readCacheFile: Error reading cache file:" (new Error("", "(unknown module)"))
1600712218805	Marionette	INFO	Listening on port 51992
1600712219177	Marionette	WARN	TLS certificate errors will be ignored for this session
1600712342864	Marionette	INFO	Stopped listening on port 51992

###!!! [Child][RunMessage] Error: Channel closing: too late to send/recv, messages will be lost


###!!! [Child][MessageChannel::SendAndWait] Error: Channel error: cannot send/recv

1600712346400	geckodriver	INFO	Listening on 127.0.0.1:52167
1600712357803	mozrunner::runner	INFO	Running command: "C:\\Program Files\\Mozilla Firefox\\firefox.exe" "--marionette" "-foreground" "-no-remote" "-profile" "C:\\Users\\darpop\\AppData\\Local\\Temp\\rust_mozprofileAXD7CZ"
JavaScript error: resource://gre/modules/XULStore.jsm, line 66: Error: Can't find profile directory.
console.error: SearchCache: "_readCacheFile: Error reading cache file:" (new Error("", "(unknown module)"))
1600712363026	Marionette	INFO	Listening on port 52175
1600712363172	Marionette	WARN	TLS certificate errors will be ignored for this session
1600714366271	Marionette	INFO	Stopped listening on port 52175

###!!! [Child][RunMessage] Error: Channel closing: too late to send/recv, messages will be lost


###!!! [Child][MessageChannel::SendAndWait] Error: Channel error: cannot send/recv

1600714367798	geckodriver	INFO	Listening on 127.0.0.1:52875
1600714371100	mozrunner::runner	INFO	Running command: "C:\\Program Files\\Mozilla Firefox\\firefox.exe" "--marionette" "-foreground" "-no-remote" "-profile" "C:\\Users\\darpop\\AppData\\Local\\Temp\\rust_mozprofile8Fic9x"
JavaScript error: resource://gre/modules/XULStore.jsm, line 66: Error: Can't find profile directory.
console.error: SearchCache: "_readCacheFile: Error reading cache file:" (new Error("", "(unknown module)"))
1600714374132	Marionette	INFO	Listening on port 52885
1600714374268	Marionette	WARN	TLS certificate errors will be ignored for this session
1600719404282	Marionette	INFO	Stopped listening on port 52885

###!!! [Child][RunMessage] Error: Channel closing: too late to send/recv, messages will be lost


###!!! [Child][MessageChannel::SendAndWait] Error: Channel error: cannot send/recv

\Temp\\rust_mozprofileJ8zBVf"
JavaScript error: resource://gre/modules/XULStore.jsm, line 66: Error: Can't find profile directory.
console.error: SearchCache: "_readCacheFile: Error reading cache file:" (new Error("", "(unknown module)"))
1600718548169	Marionette	INFO	Listening on port 61106
1600718548202	Marionette	WARN	TLS certificate errors will be ignored for this session
